This file contains any messages produced by compilers while
running configure, to aid debugging if configure makes a mistake.

It was created by goaccess configure 1.3, which was
generated by GNU Autoconf 2.69.  Invocation command line was

  $ ./configure --enable-utf8 --enable-geoip=lega

## --------- ##
## Platform. ##
## --------- ##

hostname = yprite
uname -m = x86_64
uname -r = 3.19.0-28-generic
uname -s = Linux
uname -v = #30~14.04.1-Ubuntu SMP Tue Sep 1 09:32:55 UTC 2015

/usr/bin/uname -p = unknown
/bin/uname -X     = unknown

/bin/arch              = unknown
/usr/bin/arch -k       = unknown
/usr/convex/getsysinfo = unknown
/usr/bin/hostinfo      = unknown
/bin/machine           = unknown
/usr/bin/oslevel       = unknown
/bin/universe          = unknown

PATH: /home/yprite/playground_staging/ENV/bin
PATH: /usr/local/sbin
PATH: /usr/local/bin
PATH: /usr/sbin
PATH: /usr/bin
PATH: /sbin
PATH: /bin
PATH: /usr/games
PATH: /usr/local/games


## ----------- ##
## Core tests. ##
## ----------- ##

configure:2447: checking for a BSD-compatible install
configure:2515: result: /usr/bin/install -c
configure:2526: checking whether build environment is sane
configure:2576: result: yes
configure:2717: checking for a thread-safe mkdir -p
configure:2756: result: /bin/mkdir -p
configure:2769: checking for gawk
configure:2785: found /usr/bin/gawk
configure:2796: result: gawk
configure:2807: checking whether make sets $(MAKE)
configure:2829: result: yes
configure:2968: checking for gcc
configure:2984: found /usr/bin/gcc
configure:2995: result: gcc
configure:3224: checking for C compiler version
configure:3233: gcc --version >&5
gcc (Ubuntu 4.8.4-2ubuntu1~14.04.4) 4.8.4
Copyright (C) 2013 Free Software Foundation, Inc.
This is free software; see the source for copying conditions.  There is NO
warranty; not even for MERCHANTABILITY or FITNESS FOR A PARTICULAR PURPOSE.

configure:3244: $? = 0
configure:3233: gcc -v >&5
Using built-in specs.
COLLECT_GCC=gcc
COLLECT_LTO_WRAPPER=/usr/lib/gcc/x86_64-linux-gnu/4.8/lto-wrapper
Target: x86_64-linux-gnu
Configured with: ../src/configure -v --with-pkgversion='Ubuntu 4.8.4-2ubuntu1~14.04.4' --with-bugurl=file:///usr/share/doc/gcc-4.8/README.Bugs --enable-languages=c,c++,java,go,d,fortran,objc,obj-c++ --prefix=/usr --program-suffix=-4.8 --enable-shared --enable-linker-build-id --libexecdir=/usr/lib --without-included-gettext --enable-threads=posix --with-gxx-include-dir=/usr/include/c++/4.8 --libdir=/usr/lib --enable-nls --with-sysroot=/ --enable-clocale=gnu --enable-libstdcxx-debug --enable-libstdcxx-time=yes --enable-gnu-unique-object --disable-libmudflap --enable-plugin --with-system-zlib --disable-browser-plugin --enable-java-awt=gtk --enable-gtk-cairo --with-java-home=/usr/lib/jvm/java-1.5.0-gcj-4.8-amd64/jre --enable-java-home --with-jvm-root-dir=/usr/lib/jvm/java-1.5.0-gcj-4.8-amd64 --with-jvm-jar-dir=/usr/lib/jvm-exports/java-1.5.0-gcj-4.8-amd64 --with-arch-directory=amd64 --with-ecj-jar=/usr/share/java/eclipse-ecj.jar --enable-objc-gc --enable-multiarch --disable-werror --with-arch-32=i686 --with-abi=m64 --with-multilib-list=m32,m64,mx32 --with-tune=generic --enable-checking=release --build=x86_64-linux-gnu --host=x86_64-linux-gnu --target=x86_64-linux-gnu
Thread model: posix
gcc version 4.8.4 (Ubuntu 4.8.4-2ubuntu1~14.04.4) 
configure:3244: $? = 0
configure:3233: gcc -V >&5
gcc: error: unrecognized command line option '-V'
gcc: fatal error: no input files
compilation terminated.
configure:3244: $? = 4
configure:3233: gcc -qversion >&5
gcc: error: unrecognized command line option '-qversion'
gcc: fatal error: no input files
compilation terminated.
configure:3244: $? = 4
configure:3264: checking whether the C compiler works
configure:3286: gcc    conftest.c  >&5
configure:3290: $? = 0
configure:3338: result: yes
configure:3341: checking for C compiler default output file name
configure:3343: result: a.out
configure:3349: checking for suffix of executables
configure:3356: gcc -o conftest    conftest.c  >&5
configure:3360: $? = 0
configure:3382: result: 
configure:3404: checking whether we are cross compiling
configure:3412: gcc -o conftest    conftest.c  >&5
configure:3416: $? = 0
configure:3423: ./conftest
configure:3427: $? = 0
configure:3442: result: no
configure:3447: checking for suffix of object files
configure:3469: gcc -c   conftest.c >&5
configure:3473: $? = 0
configure:3494: result: o
configure:3498: checking whether we are using the GNU C compiler
configure:3517: gcc -c   conftest.c >&5
configure:3517: $? = 0
configure:3526: result: yes
configure:3535: checking whether gcc accepts -g
configure:3555: gcc -c -g  conftest.c >&5
configure:3555: $? = 0
configure:3596: result: yes
configure:3613: checking for gcc option to accept ISO C89
configure:3676: gcc  -c   conftest.c >&5
configure:3676: $? = 0
configure:3689: result: none needed
configure:3720: checking for style of include used by make
configure:3748: result: GNU
configure:3774: checking dependency style of gcc
configure:3885: result: gcc3
configure:3901: checking whether gcc and cc understand -c and -o together
configure:3932: gcc -c conftest.c -o conftest2.o >&5
configure:3936: $? = 0
configure:3942: gcc -c conftest.c -o conftest2.o >&5
configure:3946: $? = 0
configure:3957: cc -c conftest.c >&5
configure:3961: $? = 0
configure:3969: cc -c conftest.c -o conftest2.o >&5
configure:3973: $? = 0
configure:3979: cc -c conftest.c -o conftest2.o >&5
configure:3983: $? = 0
configure:4001: result: yes
configure:4028: checking whether NLS is requested
configure:4037: result: yes
configure:4078: checking for msgfmt
configure: trying /usr/bin/msgfmt...
0 translated messages.
configure:4110: result: /usr/bin/msgfmt
configure:4119: checking for gmsgfmt
configure:4150: result: /usr/bin/msgfmt
configure:4201: checking for xgettext
configure: trying /usr/bin/xgettext...
/usr/bin/xgettext: warning: file '/dev/null' extension '' is unknown; will try C
configure:4233: result: /usr/bin/xgettext
configure:4279: checking for msgmerge
configure: trying /usr/bin/msgmerge...
configure:4310: result: /usr/bin/msgmerge
configure:4347: checking build system type
configure:4361: result: x86_64-unknown-linux-gnu
configure:4381: checking host system type
configure:4394: result: x86_64-unknown-linux-gnu
configure:4438: checking for ld used by GCC
configure:4502: result: /usr/bin/ld
configure:4509: checking if the linker (/usr/bin/ld) is GNU ld
configure:4522: result: yes
configure:4529: checking for shared library run path origin
configure:4542: result: done
configure:4567: checking how to run the C preprocessor
configure:4598: gcc -E  conftest.c
configure:4598: $? = 0
configure:4612: gcc -E  conftest.c
conftest.c:11:28: fatal error: ac_nonexistent.h: No such file or directory
 #include <ac_nonexistent.h>
                            ^
compilation terminated.
configure:4612: $? = 1
configure: failed program was:
| /* confdefs.h */
| #define PACKAGE_NAME "goaccess"
| #define PACKAGE_TARNAME "goaccess"
| #define PACKAGE_VERSION "1.3"
| #define PACKAGE_STRING "goaccess 1.3"
| #define PACKAGE_BUGREPORT "goaccess@prosoftcorp.com"
| #define PACKAGE_URL "http://goaccess.io"
| #define PACKAGE "goaccess"
| #define VERSION "1.3"
| /* end confdefs.h.  */
| #include <ac_nonexistent.h>
configure:4637: result: gcc -E
configure:4657: gcc -E  conftest.c
configure:4657: $? = 0
configure:4671: gcc -E  conftest.c
conftest.c:11:28: fatal error: ac_nonexistent.h: No such file or directory
 #include <ac_nonexistent.h>
                            ^
compilation terminated.
configure:4671: $? = 1
configure: failed program was:
| /* confdefs.h */
| #define PACKAGE_NAME "goaccess"
| #define PACKAGE_TARNAME "goaccess"
| #define PACKAGE_VERSION "1.3"
| #define PACKAGE_STRING "goaccess 1.3"
| #define PACKAGE_BUGREPORT "goaccess@prosoftcorp.com"
| #define PACKAGE_URL "http://goaccess.io"
| #define PACKAGE "goaccess"
| #define VERSION "1.3"
| /* end confdefs.h.  */
| #include <ac_nonexistent.h>
configure:4700: checking for grep that handles long lines and -e
configure:4758: result: /bin/grep
configure:4763: checking for egrep
configure:4825: result: /bin/grep -E
configure:5383: checking for CFPreferencesCopyAppValue
configure:5401: gcc -o conftest    conftest.c  -Wl,-framework -Wl,CoreFoundation >&5
conftest.c:11:42: fatal error: CoreFoundation/CFPreferences.h: No such file or directory
 #include <CoreFoundation/CFPreferences.h>
                                          ^
compilation terminated.
configure:5401: $? = 1
configure: failed program was:
| /* confdefs.h */
| #define PACKAGE_NAME "goaccess"
| #define PACKAGE_TARNAME "goaccess"
| #define PACKAGE_VERSION "1.3"
| #define PACKAGE_STRING "goaccess 1.3"
| #define PACKAGE_BUGREPORT "goaccess@prosoftcorp.com"
| #define PACKAGE_URL "http://goaccess.io"
| #define PACKAGE "goaccess"
| #define VERSION "1.3"
| /* end confdefs.h.  */
| #include <CoreFoundation/CFPreferences.h>
| int
| main ()
| {
| CFPreferencesCopyAppValue(NULL, NULL)
|   ;
|   return 0;
| }
configure:5410: result: no
configure:5417: checking for CFLocaleCopyCurrent
configure:5435: gcc -o conftest    conftest.c  -Wl,-framework -Wl,CoreFoundation >&5
conftest.c:11:37: fatal error: CoreFoundation/CFLocale.h: No such file or directory
 #include <CoreFoundation/CFLocale.h>
                                     ^
compilation terminated.
configure:5435: $? = 1
configure: failed program was:
| /* confdefs.h */
| #define PACKAGE_NAME "goaccess"
| #define PACKAGE_TARNAME "goaccess"
| #define PACKAGE_VERSION "1.3"
| #define PACKAGE_STRING "goaccess 1.3"
| #define PACKAGE_BUGREPORT "goaccess@prosoftcorp.com"
| #define PACKAGE_URL "http://goaccess.io"
| #define PACKAGE "goaccess"
| #define VERSION "1.3"
| /* end confdefs.h.  */
| #include <CoreFoundation/CFLocale.h>
| int
| main ()
| {
| CFLocaleCopyCurrent();
|   ;
|   return 0;
| }
configure:5444: result: no
configure:5493: checking for GNU gettext in libc
configure:5513: gcc -o conftest    conftest.c  >&5
configure:5513: $? = 0
configure:5522: result: yes
configure:6313: checking whether to use NLS
configure:6315: result: yes
configure:6318: checking where the gettext function comes from
configure:6329: result: libc
configure:6388: checking for libintl_dgettext in -lintl
configure:6413: gcc -o conftest    conftest.c -lintl   >&5
/usr/bin/ld: cannot find -lintl
collect2: error: ld returned 1 exit status
configure:6413: $? = 1
configure: failed program was:
| /* confdefs.h */
| #define PACKAGE_NAME "goaccess"
| #define PACKAGE_TARNAME "goaccess"
| #define PACKAGE_VERSION "1.3"
| #define PACKAGE_STRING "goaccess 1.3"
| #define PACKAGE_BUGREPORT "goaccess@prosoftcorp.com"
| #define PACKAGE_URL "http://goaccess.io"
| #define PACKAGE "goaccess"
| #define VERSION "1.3"
| #define ENABLE_NLS 1
| #define HAVE_GETTEXT 1
| #define HAVE_DCGETTEXT 1
| /* end confdefs.h.  */
| 
| /* Override any GCC internal prototype to avoid an error.
|    Use char because int might match the return type of a GCC
|    builtin and then its argument prototype would still apply.  */
| #ifdef __cplusplus
| extern "C"
| #endif
| char libintl_dgettext ();
| int
| main ()
| {
| return libintl_dgettext ();
|   ;
|   return 0;
| }
configure:6422: result: no
configure:6435: checking for pthread_create in -lpthread
configure:6460: gcc -o conftest    conftest.c -lpthread   >&5
configure:6460: $? = 0
configure:6469: result: yes
configure:6509: checking whether to build with rdynamic for GNU ld
configure:6516: result: yes
configure:6804: checking for mvaddwstr in -lncursesw
configure:6829: gcc -o conftest  -pthread   conftest.c -lncursesw  -lpthread  >&5
configure:6829: $? = 0
configure:6839: result: yes
configure:6852: checking for library containing tputs
configure:6883: gcc -o conftest  -pthread   conftest.c -lncursesw -lpthread  >&5
configure:6883: $? = 0
configure:6900: result: none required
configure:6917: checking for ncursesw/ncurses.h
configure:6917: gcc -c  -pthread  conftest.c >&5
configure:6917: $? = 0
configure:6917: result: yes
configure:6935: checking for ncurses.h
configure:6935: gcc -c  -pthread  conftest.c >&5
conftest.c:24:21: fatal error: ncurses.h: No such file or directory
 #include <ncurses.h>
                     ^
compilation terminated.
configure:6935: $? = 1
configure: failed program was:
| /* confdefs.h */
| #define PACKAGE_NAME "goaccess"
| #define PACKAGE_TARNAME "goaccess"
| #define PACKAGE_VERSION "1.3"
| #define PACKAGE_STRING "goaccess 1.3"
| #define PACKAGE_BUGREPORT "goaccess@prosoftcorp.com"
| #define PACKAGE_URL "http://goaccess.io"
| #define PACKAGE "goaccess"
| #define VERSION "1.3"
| #define ENABLE_NLS 1
| #define HAVE_GETTEXT 1
| #define HAVE_DCGETTEXT 1
| #define HAVE_LIBPTHREAD 1
| #define HAVE_LIBNCURSESW 1
| #define HAVE_LIBNCURSESW 1
| #define HAVE_NCURSESW_NCURSES_H 1
| /* end confdefs.h.  */
| 
|   #ifdef HAVE_NCURSES_H
|   #include <ncurses.h>
|   #endif
| 
| 
| #include <ncurses.h>
configure:6935: result: no
configure:7345: checking for sed
configure:7361: found /bin/sed
configure:7373: result: yes
configure:7384: checking for tr
configure:7400: found /usr/bin/tr
configure:7412: result: yes
configure:7434: checking for gethostbyname in -lnsl
configure:7459: gcc -o conftest  -pthread   conftest.c -lnsl  -lncursesw -lpthread  >&5
configure:7459: $? = 0
configure:7468: result: yes
configure:7479: checking for socket in -lsocket
configure:7504: gcc -o conftest  -pthread   conftest.c -lsocket  -lnsl -lncursesw -lpthread  >&5
/usr/bin/ld: cannot find -lsocket
collect2: error: ld returned 1 exit status
configure:7504: $? = 1
configure: failed program was:
| /* confdefs.h */
| #define PACKAGE_NAME "goaccess"
| #define PACKAGE_TARNAME "goaccess"
| #define PACKAGE_VERSION "1.3"
| #define PACKAGE_STRING "goaccess 1.3"
| #define PACKAGE_BUGREPORT "goaccess@prosoftcorp.com"
| #define PACKAGE_URL "http://goaccess.io"
| #define PACKAGE "goaccess"
| #define VERSION "1.3"
| #define ENABLE_NLS 1
| #define HAVE_GETTEXT 1
| #define HAVE_DCGETTEXT 1
| #define HAVE_LIBPTHREAD 1
| #define HAVE_LIBNCURSESW 1
| #define HAVE_LIBNCURSESW 1
| #define HAVE_NCURSESW_NCURSES_H 1
| #define HAVE_LIBNSL 1
| /* end confdefs.h.  */
| 
| /* Override any GCC internal prototype to avoid an error.
|    Use char because int might match the return type of a GCC
|    builtin and then its argument prototype would still apply.  */
| #ifdef __cplusplus
| extern "C"
| #endif
| char socket ();
| int
| main ()
| {
| return socket ();
|   ;
|   return 0;
| }
configure:7513: result: no
configure:7526: checking for ANSI C header files
configure:7546: gcc -c  -pthread  conftest.c >&5
configure:7546: $? = 0
configure:7619: gcc -o conftest  -pthread   conftest.c -lnsl -lncursesw -lpthread  >&5
configure:7619: $? = 0
configure:7619: ./conftest
configure:7619: $? = 0
configure:7630: result: yes
configure:7643: checking for sys/types.h
configure:7643: gcc -c  -pthread  conftest.c >&5
configure:7643: $? = 0
configure:7643: result: yes
configure:7643: checking for sys/stat.h
configure:7643: gcc -c  -pthread  conftest.c >&5
configure:7643: $? = 0
configure:7643: result: yes
configure:7643: checking for stdlib.h
configure:7643: gcc -c  -pthread  conftest.c >&5
configure:7643: $? = 0
configure:7643: result: yes
configure:7643: checking for string.h
configure:7643: gcc -c  -pthread  conftest.c >&5
configure:7643: $? = 0
configure:7643: result: yes
configure:7643: checking for memory.h
configure:7643: gcc -c  -pthread  conftest.c >&5
configure:7643: $? = 0
configure:7643: result: yes
configure:7643: checking for strings.h
configure:7643: gcc -c  -pthread  conftest.c >&5
configure:7643: $? = 0
configure:7643: result: yes
configure:7643: checking for inttypes.h
configure:7643: gcc -c  -pthread  conftest.c >&5
configure:7643: $? = 0
configure:7643: result: yes
configure:7643: checking for stdint.h
configure:7643: gcc -c  -pthread  conftest.c >&5
configure:7643: $? = 0
configure:7643: result: yes
configure:7643: checking for unistd.h
configure:7643: gcc -c  -pthread  conftest.c >&5
configure:7643: $? = 0
configure:7643: result: yes
configure:7657: checking arpa/inet.h usability
configure:7657: gcc -c  -pthread  conftest.c >&5
configure:7657: $? = 0
configure:7657: result: yes
configure:7657: checking arpa/inet.h presence
configure:7657: gcc -E  conftest.c
configure:7657: $? = 0
configure:7657: result: yes
configure:7657: checking for arpa/inet.h
configure:7657: result: yes
configure:7669: checking fcntl.h usability
configure:7669: gcc -c  -pthread  conftest.c >&5
configure:7669: $? = 0
configure:7669: result: yes
configure:7669: checking fcntl.h presence
configure:7669: gcc -E  conftest.c
configure:7669: $? = 0
configure:7669: result: yes
configure:7669: checking for fcntl.h
configure:7669: result: yes
configure:7681: checking for inttypes.h
configure:7681: result: yes
configure:7693: checking limits.h usability
configure:7693: gcc -c  -pthread  conftest.c >&5
configure:7693: $? = 0
configure:7693: result: yes
configure:7693: checking limits.h presence
configure:7693: gcc -E  conftest.c
configure:7693: $? = 0
configure:7693: result: yes
configure:7693: checking for limits.h
configure:7693: result: yes
configure:7705: checking locale.h usability
configure:7705: gcc -c  -pthread  conftest.c >&5
configure:7705: $? = 0
configure:7705: result: yes
configure:7705: checking locale.h presence
configure:7705: gcc -E  conftest.c
configure:7705: $? = 0
configure:7705: result: yes
configure:7705: checking for locale.h
configure:7705: result: yes
configure:7717: checking netdb.h usability
configure:7717: gcc -c  -pthread  conftest.c >&5
configure:7717: $? = 0
configure:7717: result: yes
configure:7717: checking netdb.h presence
configure:7717: gcc -E  conftest.c
configure:7717: $? = 0
configure:7717: result: yes
configure:7717: checking for netdb.h
configure:7717: result: yes
configure:7729: checking netinet/in.h usability
configure:7729: gcc -c  -pthread  conftest.c >&5
configure:7729: $? = 0
configure:7729: result: yes
configure:7729: checking netinet/in.h presence
configure:7729: gcc -E  conftest.c
configure:7729: $? = 0
configure:7729: result: yes
configure:7729: checking for netinet/in.h
configure:7729: result: yes
configure:7741: checking stddef.h usability
configure:7741: gcc -c  -pthread  conftest.c >&5
configure:7741: $? = 0
configure:7741: result: yes
configure:7741: checking stddef.h presence
configure:7741: gcc -E  conftest.c
configure:7741: $? = 0
configure:7741: result: yes
configure:7741: checking for stddef.h
configure:7741: result: yes
configure:7753: checking for stdint.h
configure:7753: result: yes
configure:7765: checking for stdlib.h
configure:7765: result: yes
configure:7777: checking for string.h
configure:7777: result: yes
configure:7789: checking for strings.h
configure:7789: result: yes
configure:7801: checking sys/socket.h usability
configure:7801: gcc -c  -pthread  conftest.c >&5
configure:7801: $? = 0
configure:7801: result: yes
configure:7801: checking sys/socket.h presence
configure:7801: gcc -E  conftest.c
configure:7801: $? = 0
configure:7801: result: yes
configure:7801: checking for sys/socket.h
configure:7801: result: yes
configure:7813: checking sys/time.h usability
configure:7813: gcc -c  -pthread  conftest.c >&5
configure:7813: $? = 0
configure:7813: result: yes
configure:7813: checking sys/time.h presence
configure:7813: gcc -E  conftest.c
configure:7813: $? = 0
configure:7813: result: yes
configure:7813: checking for sys/time.h
configure:7813: result: yes
configure:7825: checking for unistd.h
configure:7825: result: yes
configure:7837: checking for an ANSI C-conforming const
configure:7903: gcc -c  -pthread  conftest.c >&5
configure:7903: $? = 0
configure:7910: result: yes
configure:7918: checking for ptrdiff_t
configure:7918: gcc -c  -pthread  conftest.c >&5
configure:7918: $? = 0
configure:7918: gcc -c  -pthread  conftest.c >&5
conftest.c: In function 'main':
conftest.c:80:24: error: expected expression before ')' token
 if (sizeof ((ptrdiff_t)))
                        ^
configure:7918: $? = 1
configure: failed program was:
| /* confdefs.h */
| #define PACKAGE_NAME "goaccess"
| #define PACKAGE_TARNAME "goaccess"
| #define PACKAGE_VERSION "1.3"
| #define PACKAGE_STRING "goaccess 1.3"
| #define PACKAGE_BUGREPORT "goaccess@prosoftcorp.com"
| #define PACKAGE_URL "http://goaccess.io"
| #define PACKAGE "goaccess"
| #define VERSION "1.3"
| #define ENABLE_NLS 1
| #define HAVE_GETTEXT 1
| #define HAVE_DCGETTEXT 1
| #define HAVE_LIBPTHREAD 1
| #define HAVE_LIBNCURSESW 1
| #define HAVE_LIBNCURSESW 1
| #define HAVE_NCURSESW_NCURSES_H 1
| #define HAVE_LIBNSL 1
| #define STDC_HEADERS 1
| #define HAVE_SYS_TYPES_H 1
| #define HAVE_SYS_STAT_H 1
| #define HAVE_STDLIB_H 1
| #define HAVE_STRING_H 1
| #define HAVE_MEMORY_H 1
| #define HAVE_STRINGS_H 1
| #define HAVE_INTTYPES_H 1
| #define HAVE_STDINT_H 1
| #define HAVE_UNISTD_H 1
| #define HAVE_ARPA_INET_H 1
| #define HAVE_FCNTL_H 1
| #define HAVE_INTTYPES_H 1
| #define HAVE_LIMITS_H 1
| #define HAVE_LOCALE_H 1
| #define HAVE_NETDB_H 1
| #define HAVE_NETINET_IN_H 1
| #define HAVE_STDDEF_H 1
| #define HAVE_STDINT_H 1
| #define HAVE_STDLIB_H 1
| #define HAVE_STRING_H 1
| #define HAVE_STRINGS_H 1
| #define HAVE_SYS_SOCKET_H 1
| #define HAVE_SYS_TIME_H 1
| #define HAVE_UNISTD_H 1
| /* end confdefs.h.  */
| #include <stdio.h>
| #ifdef HAVE_SYS_TYPES_H
| # include <sys/types.h>
| #endif
| #ifdef HAVE_SYS_STAT_H
| # include <sys/stat.h>
| #endif
| #ifdef STDC_HEADERS
| # include <stdlib.h>
| # include <stddef.h>
| #else
| # ifdef HAVE_STDLIB_H
| #  include <stdlib.h>
| # endif
| #endif
| #ifdef HAVE_STRING_H
| # if !defined STDC_HEADERS && defined HAVE_MEMORY_H
| #  include <memory.h>
| # endif
| # include <string.h>
| #endif
| #ifdef HAVE_STRINGS_H
| # include <strings.h>
| #endif
| #ifdef HAVE_INTTYPES_H
| # include <inttypes.h>
| #endif
| #ifdef HAVE_STDINT_H
| # include <stdint.h>
| #endif
| #ifdef HAVE_UNISTD_H
| # include <unistd.h>
| #endif
| int
| main ()
| {
| if (sizeof ((ptrdiff_t)))
| 	    return 0;
|   ;
|   return 0;
| }
configure:7918: result: yes
configure:7928: checking whether struct tm is in sys/time.h or time.h
configure:7948: gcc -c  -pthread  conftest.c >&5
configure:7948: $? = 0
configure:7955: result: time.h
configure:7963: checking for int64_t
configure:7963: gcc -c  -pthread  conftest.c >&5
configure:7963: $? = 0
configure:7963: gcc -c  -pthread  conftest.c >&5
conftest.c: In function 'main':
conftest.c:83:53: warning: integer overflow in expression [-Woverflow]
    < (int64_t) (((((int64_t) 1 << N) << N) - 1) * 2 + 2))];
                                                     ^
conftest.c:82:12: error: storage size of 'test_array' isn't constant
 static int test_array [1 - 2 * !((int64_t) (((((int64_t) 1 << N) << N) - 1) * 2 + 1)
            ^
configure:7963: $? = 1
configure: failed program was:
| /* confdefs.h */
| #define PACKAGE_NAME "goaccess"
| #define PACKAGE_TARNAME "goaccess"
| #define PACKAGE_VERSION "1.3"
| #define PACKAGE_STRING "goaccess 1.3"
| #define PACKAGE_BUGREPORT "goaccess@prosoftcorp.com"
| #define PACKAGE_URL "http://goaccess.io"
| #define PACKAGE "goaccess"
| #define VERSION "1.3"
| #define ENABLE_NLS 1
| #define HAVE_GETTEXT 1
| #define HAVE_DCGETTEXT 1
| #define HAVE_LIBPTHREAD 1
| #define HAVE_LIBNCURSESW 1
| #define HAVE_LIBNCURSESW 1
| #define HAVE_NCURSESW_NCURSES_H 1
| #define HAVE_LIBNSL 1
| #define STDC_HEADERS 1
| #define HAVE_SYS_TYPES_H 1
| #define HAVE_SYS_STAT_H 1
| #define HAVE_STDLIB_H 1
| #define HAVE_STRING_H 1
| #define HAVE_MEMORY_H 1
| #define HAVE_STRINGS_H 1
| #define HAVE_INTTYPES_H 1
| #define HAVE_STDINT_H 1
| #define HAVE_UNISTD_H 1
| #define HAVE_ARPA_INET_H 1
| #define HAVE_FCNTL_H 1
| #define HAVE_INTTYPES_H 1
| #define HAVE_LIMITS_H 1
| #define HAVE_LOCALE_H 1
| #define HAVE_NETDB_H 1
| #define HAVE_NETINET_IN_H 1
| #define HAVE_STDDEF_H 1
| #define HAVE_STDINT_H 1
| #define HAVE_STDLIB_H 1
| #define HAVE_STRING_H 1
| #define HAVE_STRINGS_H 1
| #define HAVE_SYS_SOCKET_H 1
| #define HAVE_SYS_TIME_H 1
| #define HAVE_UNISTD_H 1
| #define HAVE_PTRDIFF_T 1
| /* end confdefs.h.  */
| #include <stdio.h>
| #ifdef HAVE_SYS_TYPES_H
| # include <sys/types.h>
| #endif
| #ifdef HAVE_SYS_STAT_H
| # include <sys/stat.h>
| #endif
| #ifdef STDC_HEADERS
| # include <stdlib.h>
| # include <stddef.h>
| #else
| # ifdef HAVE_STDLIB_H
| #  include <stdlib.h>
| # endif
| #endif
| #ifdef HAVE_STRING_H
| # if !defined STDC_HEADERS && defined HAVE_MEMORY_H
| #  include <memory.h>
| # endif
| # include <string.h>
| #endif
| #ifdef HAVE_STRINGS_H
| # include <strings.h>
| #endif
| #ifdef HAVE_INTTYPES_H
| # include <inttypes.h>
| #endif
| #ifdef HAVE_STDINT_H
| # include <stdint.h>
| #endif
| #ifdef HAVE_UNISTD_H
| # include <unistd.h>
| #endif
| 	        enum { N = 64 / 2 - 1 };
| int
| main ()
| {
| static int test_array [1 - 2 * !((int64_t) (((((int64_t) 1 << N) << N) - 1) * 2 + 1)
| 		 < (int64_t) (((((int64_t) 1 << N) << N) - 1) * 2 + 2))];
| test_array [0] = 0;
| return test_array [0];
| 
|   ;
|   return 0;
| }
configure:7963: result: yes
configure:7974: checking for int8_t
configure:7974: gcc -c  -pthread  conftest.c >&5
configure:7974: $? = 0
configure:7974: gcc -c  -pthread  conftest.c >&5
conftest.c: In function 'main':
conftest.c:82:12: error: size of array 'test_array' is negative
 static int test_array [1 - 2 * !((int8_t) (((((int8_t) 1 << N) << N) - 1) * 2 + 1)
            ^
configure:7974: $? = 1
configure: failed program was:
| /* confdefs.h */
| #define PACKAGE_NAME "goaccess"
| #define PACKAGE_TARNAME "goaccess"
| #define PACKAGE_VERSION "1.3"
| #define PACKAGE_STRING "goaccess 1.3"
| #define PACKAGE_BUGREPORT "goaccess@prosoftcorp.com"
| #define PACKAGE_URL "http://goaccess.io"
| #define PACKAGE "goaccess"
| #define VERSION "1.3"
| #define ENABLE_NLS 1
| #define HAVE_GETTEXT 1
| #define HAVE_DCGETTEXT 1
| #define HAVE_LIBPTHREAD 1
| #define HAVE_LIBNCURSESW 1
| #define HAVE_LIBNCURSESW 1
| #define HAVE_NCURSESW_NCURSES_H 1
| #define HAVE_LIBNSL 1
| #define STDC_HEADERS 1
| #define HAVE_SYS_TYPES_H 1
| #define HAVE_SYS_STAT_H 1
| #define HAVE_STDLIB_H 1
| #define HAVE_STRING_H 1
| #define HAVE_MEMORY_H 1
| #define HAVE_STRINGS_H 1
| #define HAVE_INTTYPES_H 1
| #define HAVE_STDINT_H 1
| #define HAVE_UNISTD_H 1
| #define HAVE_ARPA_INET_H 1
| #define HAVE_FCNTL_H 1
| #define HAVE_INTTYPES_H 1
| #define HAVE_LIMITS_H 1
| #define HAVE_LOCALE_H 1
| #define HAVE_NETDB_H 1
| #define HAVE_NETINET_IN_H 1
| #define HAVE_STDDEF_H 1
| #define HAVE_STDINT_H 1
| #define HAVE_STDLIB_H 1
| #define HAVE_STRING_H 1
| #define HAVE_STRINGS_H 1
| #define HAVE_SYS_SOCKET_H 1
| #define HAVE_SYS_TIME_H 1
| #define HAVE_UNISTD_H 1
| #define HAVE_PTRDIFF_T 1
| /* end confdefs.h.  */
| #include <stdio.h>
| #ifdef HAVE_SYS_TYPES_H
| # include <sys/types.h>
| #endif
| #ifdef HAVE_SYS_STAT_H
| # include <sys/stat.h>
| #endif
| #ifdef STDC_HEADERS
| # include <stdlib.h>
| # include <stddef.h>
| #else
| # ifdef HAVE_STDLIB_H
| #  include <stdlib.h>
| # endif
| #endif
| #ifdef HAVE_STRING_H
| # if !defined STDC_HEADERS && defined HAVE_MEMORY_H
| #  include <memory.h>
| # endif
| # include <string.h>
| #endif
| #ifdef HAVE_STRINGS_H
| # include <strings.h>
| #endif
| #ifdef HAVE_INTTYPES_H
| # include <inttypes.h>
| #endif
| #ifdef HAVE_STDINT_H
| # include <stdint.h>
| #endif
| #ifdef HAVE_UNISTD_H
| # include <unistd.h>
| #endif
| 	        enum { N = 8 / 2 - 1 };
| int
| main ()
| {
| static int test_array [1 - 2 * !((int8_t) (((((int8_t) 1 << N) << N) - 1) * 2 + 1)
| 		 < (int8_t) (((((int8_t) 1 << N) << N) - 1) * 2 + 2))];
| test_array [0] = 0;
| return test_array [0];
| 
|   ;
|   return 0;
| }
configure:7974: result: yes
configure:7985: checking for off_t
configure:7985: gcc -c  -pthread  conftest.c >&5
configure:7985: $? = 0
configure:7985: gcc -c  -pthread  conftest.c >&5
conftest.c: In function 'main':
conftest.c:81:20: error: expected expression before ')' token
 if (sizeof ((off_t)))
                    ^
configure:7985: $? = 1
configure: failed program was:
| /* confdefs.h */
| #define PACKAGE_NAME "goaccess"
| #define PACKAGE_TARNAME "goaccess"
| #define PACKAGE_VERSION "1.3"
| #define PACKAGE_STRING "goaccess 1.3"
| #define PACKAGE_BUGREPORT "goaccess@prosoftcorp.com"
| #define PACKAGE_URL "http://goaccess.io"
| #define PACKAGE "goaccess"
| #define VERSION "1.3"
| #define ENABLE_NLS 1
| #define HAVE_GETTEXT 1
| #define HAVE_DCGETTEXT 1
| #define HAVE_LIBPTHREAD 1
| #define HAVE_LIBNCURSESW 1
| #define HAVE_LIBNCURSESW 1
| #define HAVE_NCURSESW_NCURSES_H 1
| #define HAVE_LIBNSL 1
| #define STDC_HEADERS 1
| #define HAVE_SYS_TYPES_H 1
| #define HAVE_SYS_STAT_H 1
| #define HAVE_STDLIB_H 1
| #define HAVE_STRING_H 1
| #define HAVE_MEMORY_H 1
| #define HAVE_STRINGS_H 1
| #define HAVE_INTTYPES_H 1
| #define HAVE_STDINT_H 1
| #define HAVE_UNISTD_H 1
| #define HAVE_ARPA_INET_H 1
| #define HAVE_FCNTL_H 1
| #define HAVE_INTTYPES_H 1
| #define HAVE_LIMITS_H 1
| #define HAVE_LOCALE_H 1
| #define HAVE_NETDB_H 1
| #define HAVE_NETINET_IN_H 1
| #define HAVE_STDDEF_H 1
| #define HAVE_STDINT_H 1
| #define HAVE_STDLIB_H 1
| #define HAVE_STRING_H 1
| #define HAVE_STRINGS_H 1
| #define HAVE_SYS_SOCKET_H 1
| #define HAVE_SYS_TIME_H 1
| #define HAVE_UNISTD_H 1
| #define HAVE_PTRDIFF_T 1
| /* end confdefs.h.  */
| #include <stdio.h>
| #ifdef HAVE_SYS_TYPES_H
| # include <sys/types.h>
| #endif
| #ifdef HAVE_SYS_STAT_H
| # include <sys/stat.h>
| #endif
| #ifdef STDC_HEADERS
| # include <stdlib.h>
| # include <stddef.h>
| #else
| # ifdef HAVE_STDLIB_H
| #  include <stdlib.h>
| # endif
| #endif
| #ifdef HAVE_STRING_H
| # if !defined STDC_HEADERS && defined HAVE_MEMORY_H
| #  include <memory.h>
| # endif
| # include <string.h>
| #endif
| #ifdef HAVE_STRINGS_H
| # include <strings.h>
| #endif
| #ifdef HAVE_INTTYPES_H
| # include <inttypes.h>
| #endif
| #ifdef HAVE_STDINT_H
| # include <stdint.h>
| #endif
| #ifdef HAVE_UNISTD_H
| # include <unistd.h>
| #endif
| int
| main ()
| {
| if (sizeof ((off_t)))
| 	    return 0;
|   ;
|   return 0;
| }
configure:7985: result: yes
configure:7996: checking for size_t
configure:7996: gcc -c  -pthread  conftest.c >&5
configure:7996: $? = 0
configure:7996: gcc -c  -pthread  conftest.c >&5
conftest.c: In function 'main':
conftest.c:81:21: error: expected expression before ')' token
 if (sizeof ((size_t)))
                     ^
configure:7996: $? = 1
configure: failed program was:
| /* confdefs.h */
| #define PACKAGE_NAME "goaccess"
| #define PACKAGE_TARNAME "goaccess"
| #define PACKAGE_VERSION "1.3"
| #define PACKAGE_STRING "goaccess 1.3"
| #define PACKAGE_BUGREPORT "goaccess@prosoftcorp.com"
| #define PACKAGE_URL "http://goaccess.io"
| #define PACKAGE "goaccess"
| #define VERSION "1.3"
| #define ENABLE_NLS 1
| #define HAVE_GETTEXT 1
| #define HAVE_DCGETTEXT 1
| #define HAVE_LIBPTHREAD 1
| #define HAVE_LIBNCURSESW 1
| #define HAVE_LIBNCURSESW 1
| #define HAVE_NCURSESW_NCURSES_H 1
| #define HAVE_LIBNSL 1
| #define STDC_HEADERS 1
| #define HAVE_SYS_TYPES_H 1
| #define HAVE_SYS_STAT_H 1
| #define HAVE_STDLIB_H 1
| #define HAVE_STRING_H 1
| #define HAVE_MEMORY_H 1
| #define HAVE_STRINGS_H 1
| #define HAVE_INTTYPES_H 1
| #define HAVE_STDINT_H 1
| #define HAVE_UNISTD_H 1
| #define HAVE_ARPA_INET_H 1
| #define HAVE_FCNTL_H 1
| #define HAVE_INTTYPES_H 1
| #define HAVE_LIMITS_H 1
| #define HAVE_LOCALE_H 1
| #define HAVE_NETDB_H 1
| #define HAVE_NETINET_IN_H 1
| #define HAVE_STDDEF_H 1
| #define HAVE_STDINT_H 1
| #define HAVE_STDLIB_H 1
| #define HAVE_STRING_H 1
| #define HAVE_STRINGS_H 1
| #define HAVE_SYS_SOCKET_H 1
| #define HAVE_SYS_TIME_H 1
| #define HAVE_UNISTD_H 1
| #define HAVE_PTRDIFF_T 1
| /* end confdefs.h.  */
| #include <stdio.h>
| #ifdef HAVE_SYS_TYPES_H
| # include <sys/types.h>
| #endif
| #ifdef HAVE_SYS_STAT_H
| # include <sys/stat.h>
| #endif
| #ifdef STDC_HEADERS
| # include <stdlib.h>
| # include <stddef.h>
| #else
| # ifdef HAVE_STDLIB_H
| #  include <stdlib.h>
| # endif
| #endif
| #ifdef HAVE_STRING_H
| # if !defined STDC_HEADERS && defined HAVE_MEMORY_H
| #  include <memory.h>
| # endif
| # include <string.h>
| #endif
| #ifdef HAVE_STRINGS_H
| # include <strings.h>
| #endif
| #ifdef HAVE_INTTYPES_H
| # include <inttypes.h>
| #endif
| #ifdef HAVE_STDINT_H
| # include <stdint.h>
| #endif
| #ifdef HAVE_UNISTD_H
| # include <unistd.h>
| #endif
| int
| main ()
| {
| if (sizeof ((size_t)))
| 	    return 0;
|   ;
|   return 0;
| }
configure:7996: result: yes
configure:8007: checking for uint32_t
configure:8007: gcc -c  -pthread  conftest.c >&5
configure:8007: $? = 0
configure:8007: result: yes
configure:8021: checking for uint64_t
configure:8021: gcc -c  -pthread  conftest.c >&5
configure:8021: $? = 0
configure:8021: result: yes
configure:8035: checking for uint8_t
configure:8035: gcc -c  -pthread  conftest.c >&5
configure:8035: $? = 0
configure:8035: result: yes
configure:8051: checking for _LARGEFILE_SOURCE value needed for large files
configure:8070: gcc -o conftest  -pthread   conftest.c -lnsl -lncursesw -lpthread  >&5
configure:8070: $? = 0
configure:8098: result: no
configure:8119: checking for working memcmp
configure:8162: gcc -o conftest  -pthread   conftest.c -lnsl -lncursesw -lpthread  >&5
configure:8162: $? = 0
configure:8162: ./conftest
configure:8162: $? = 0
configure:8172: result: yes
configure:8181: checking whether time.h and sys/time.h may both be included
configure:8201: gcc -c  -pthread  conftest.c >&5
configure:8201: $? = 0
configure:8208: result: yes
configure:8222: checking for sys/time.h
configure:8222: result: yes
configure:8222: checking for unistd.h
configure:8222: result: yes
configure:8243: checking for alarm
configure:8243: gcc -o conftest  -pthread   conftest.c -lnsl -lncursesw -lpthread  >&5
configure:8243: $? = 0
configure:8243: result: yes
configure:8256: checking for working mktime
configure:8458: gcc -o conftest  -pthread   conftest.c -lnsl -lncursesw -lpthread  >&5
configure:8458: $? = 0
configure:8458: ./conftest
configure:8458: $? = 0
configure:8468: result: yes
configure:8479: checking whether lstat correctly handles trailing slash
configure:8505: gcc -o conftest  -pthread   conftest.c -lnsl -lncursesw -lpthread  >&5
configure:8505: $? = 0
configure:8505: ./conftest
configure:8505: $? = 0
configure:8522: result: yes
configure:8541: checking whether stat accepts an empty string
configure:8561: gcc -o conftest  -pthread   conftest.c -lnsl -lncursesw -lpthread  >&5
configure:8561: $? = 0
configure:8561: ./conftest
configure:8561: $? = 0
configure:8571: result: no
configure:8589: checking for strftime
configure:8589: gcc -o conftest  -pthread   conftest.c -lnsl -lncursesw -lpthread  >&5
conftest.c:74:6: warning: conflicting types for built-in function 'strftime' [enabled by default]
 char strftime ();
      ^
configure:8589: $? = 0
configure:8589: result: yes
configure:8642: checking for working strtod
configure:8683: gcc -o conftest  -pthread   conftest.c -lnsl -lncursesw -lpthread  >&5
configure:8683: $? = 0
configure:8683: ./conftest
configure:8683: $? = 0
configure:8693: result: yes
configure:8757: checking for floor
configure:8757: gcc -o conftest  -pthread   conftest.c -lnsl -lncursesw -lpthread  >&5
conftest.c:75:6: warning: conflicting types for built-in function 'floor' [enabled by default]
 char floor ();
      ^
/tmp/cc9H0Hwv.o: In function `main':
conftest.c:(.text+0xa): undefined reference to `floor'
collect2: error: ld returned 1 exit status
configure:8757: $? = 1
configure: failed program was:
| /* confdefs.h */
| #define PACKAGE_NAME "goaccess"
| #define PACKAGE_TARNAME "goaccess"
| #define PACKAGE_VERSION "1.3"
| #define PACKAGE_STRING "goaccess 1.3"
| #define PACKAGE_BUGREPORT "goaccess@prosoftcorp.com"
| #define PACKAGE_URL "http://goaccess.io"
| #define PACKAGE "goaccess"
| #define VERSION "1.3"
| #define ENABLE_NLS 1
| #define HAVE_GETTEXT 1
| #define HAVE_DCGETTEXT 1
| #define HAVE_LIBPTHREAD 1
| #define HAVE_LIBNCURSESW 1
| #define HAVE_LIBNCURSESW 1
| #define HAVE_NCURSESW_NCURSES_H 1
| #define HAVE_LIBNSL 1
| #define STDC_HEADERS 1
| #define HAVE_SYS_TYPES_H 1
| #define HAVE_SYS_STAT_H 1
| #define HAVE_STDLIB_H 1
| #define HAVE_STRING_H 1
| #define HAVE_MEMORY_H 1
| #define HAVE_STRINGS_H 1
| #define HAVE_INTTYPES_H 1
| #define HAVE_STDINT_H 1
| #define HAVE_UNISTD_H 1
| #define HAVE_ARPA_INET_H 1
| #define HAVE_FCNTL_H 1
| #define HAVE_INTTYPES_H 1
| #define HAVE_LIMITS_H 1
| #define HAVE_LOCALE_H 1
| #define HAVE_NETDB_H 1
| #define HAVE_NETINET_IN_H 1
| #define HAVE_STDDEF_H 1
| #define HAVE_STDINT_H 1
| #define HAVE_STDLIB_H 1
| #define HAVE_STRING_H 1
| #define HAVE_STRINGS_H 1
| #define HAVE_SYS_SOCKET_H 1
| #define HAVE_SYS_TIME_H 1
| #define HAVE_UNISTD_H 1
| #define HAVE_PTRDIFF_T 1
| #define HAVE_FSEEKO 1
| #define TIME_WITH_SYS_TIME 1
| #define HAVE_SYS_TIME_H 1
| #define HAVE_UNISTD_H 1
| #define HAVE_ALARM 1
| #define LSTAT_FOLLOWS_SLASHED_SYMLINK 1
| #define HAVE_STRFTIME 1
| /* end confdefs.h.  */
| /* Define floor to an innocuous variant, in case <limits.h> declares floor.
|    For example, HP-UX 11i <limits.h> declares gettimeofday.  */
| #define floor innocuous_floor
| 
| /* System header to define __stub macros and hopefully few prototypes,
|     which can conflict with char floor (); below.
|     Prefer <limits.h> to <assert.h> if __STDC__ is defined, since
|     <limits.h> exists even on freestanding compilers.  */
| 
| #ifdef __STDC__
| # include <limits.h>
| #else
| # include <assert.h>
| #endif
| 
| #undef floor
| 
| /* Override any GCC internal prototype to avoid an error.
|    Use char because int might match the return type of a GCC
|    builtin and then its argument prototype would still apply.  */
| #ifdef __cplusplus
| extern "C"
| #endif
| char floor ();
| /* The GNU C library defines this for functions which it implements
|     to always fail with ENOSYS.  Some functions are actually named
|     something starting with __ and the normal name is an alias.  */
| #if defined __stub_floor || defined __stub___floor
| choke me
| #endif
| 
| int
| main ()
| {
| return floor ();
|   ;
|   return 0;
| }
configure:8757: result: no
configure:8768: checking for gethostbyaddr
configure:8768: gcc -o conftest  -pthread   conftest.c -lnsl -lncursesw -lpthread  >&5
configure:8768: $? = 0
configure:8768: result: yes
configure:8779: checking for gethostbyname
configure:8779: gcc -o conftest  -pthread   conftest.c -lnsl -lncursesw -lpthread  >&5
configure:8779: $? = 0
configure:8779: result: yes
configure:8790: checking for gettimeofday
configure:8790: gcc -o conftest  -pthread   conftest.c -lnsl -lncursesw -lpthread  >&5
configure:8790: $? = 0
configure:8790: result: yes
configure:8801: checking for malloc
configure:8801: gcc -o conftest  -pthread   conftest.c -lnsl -lncursesw -lpthread  >&5
conftest.c:78:6: warning: conflicting types for built-in function 'malloc' [enabled by default]
 char malloc ();
      ^
configure:8801: $? = 0
configure:8801: result: yes
configure:8812: checking for memmove
configure:8812: gcc -o conftest  -pthread   conftest.c -lnsl -lncursesw -lpthread  >&5
conftest.c:79:6: warning: conflicting types for built-in function 'memmove' [enabled by default]
 char memmove ();
      ^
configure:8812: $? = 0
configure:8812: result: yes
configure:8823: checking for memset
configure:8823: gcc -o conftest  -pthread   conftest.c -lnsl -lncursesw -lpthread  >&5
conftest.c:80:6: warning: conflicting types for built-in function 'memset' [enabled by default]
 char memset ();
      ^
configure:8823: $? = 0
configure:8823: result: yes
configure:8834: checking for mkfifo
configure:8834: gcc -o conftest  -pthread   conftest.c -lnsl -lncursesw -lpthread  >&5
configure:8834: $? = 0
configure:8834: result: yes
configure:8845: checking for realloc
configure:8845: gcc -o conftest  -pthread   conftest.c -lnsl -lncursesw -lpthread  >&5
conftest.c:82:6: warning: conflicting types for built-in function 'realloc' [enabled by default]
 char realloc ();
      ^
configure:8845: $? = 0
configure:8845: result: yes
configure:8856: checking for realpath
configure:8856: gcc -o conftest  -pthread   conftest.c -lnsl -lncursesw -lpthread  >&5
configure:8856: $? = 0
configure:8856: result: yes
configure:8867: checking for regcomp
configure:8867: gcc -o conftest  -pthread   conftest.c -lnsl -lncursesw -lpthread  >&5
configure:8867: $? = 0
configure:8867: result: yes
configure:8878: checking for select
configure:8878: gcc -o conftest  -pthread   conftest.c -lnsl -lncursesw -lpthread  >&5
configure:8878: $? = 0
configure:8878: result: yes
configure:8889: checking for setlocale
configure:8889: gcc -o conftest  -pthread   conftest.c -lnsl -lncursesw -lpthread  >&5
configure:8889: $? = 0
configure:8889: result: yes
configure:8900: checking for socket
configure:8900: gcc -o conftest  -pthread   conftest.c -lnsl -lncursesw -lpthread  >&5
configure:8900: $? = 0
configure:8900: result: yes
configure:8911: checking for strcasecmp
configure:8911: gcc -o conftest  -pthread   conftest.c -lnsl -lncursesw -lpthread  >&5
conftest.c:88:6: warning: conflicting types for built-in function 'strcasecmp' [enabled by default]
 char strcasecmp ();
      ^
configure:8911: $? = 0
configure:8911: result: yes
configure:8922: checking for strchr
configure:8922: gcc -o conftest  -pthread   conftest.c -lnsl -lncursesw -lpthread  >&5
conftest.c:89:6: warning: conflicting types for built-in function 'strchr' [enabled by default]
 char strchr ();
      ^
configure:8922: $? = 0
configure:8922: result: yes
configure:8933: checking for strcspn
configure:8933: gcc -o conftest  -pthread   conftest.c -lnsl -lncursesw -lpthread  >&5
conftest.c:90:6: warning: conflicting types for built-in function 'strcspn' [enabled by default]
 char strcspn ();
      ^
configure:8933: $? = 0
configure:8933: result: yes
configure:8944: checking for strdup
configure:8944: gcc -o conftest  -pthread   conftest.c -lnsl -lncursesw -lpthread  >&5
conftest.c:91:6: warning: conflicting types for built-in function 'strdup' [enabled by default]
 char strdup ();
      ^
configure:8944: $? = 0
configure:8944: result: yes
configure:8955: checking for strerror
configure:8955: gcc -o conftest  -pthread   conftest.c -lnsl -lncursesw -lpthread  >&5
configure:8955: $? = 0
configure:8955: result: yes
configure:8966: checking for strncasecmp
configure:8966: gcc -o conftest  -pthread   conftest.c -lnsl -lncursesw -lpthread  >&5
conftest.c:93:6: warning: conflicting types for built-in function 'strncasecmp' [enabled by default]
 char strncasecmp ();
      ^
configure:8966: $? = 0
configure:8966: result: yes
configure:8977: checking for strpbrk
configure:8977: gcc -o conftest  -pthread   conftest.c -lnsl -lncursesw -lpthread  >&5
conftest.c:94:6: warning: conflicting types for built-in function 'strpbrk' [enabled by default]
 char strpbrk ();
      ^
configure:8977: $? = 0
configure:8977: result: yes
configure:8988: checking for strrchr
configure:8988: gcc -o conftest  -pthread   conftest.c -lnsl -lncursesw -lpthread  >&5
conftest.c:95:6: warning: conflicting types for built-in function 'strrchr' [enabled by default]
 char strrchr ();
      ^
configure:8988: $? = 0
configure:8988: result: yes
configure:8999: checking for strspn
configure:8999: gcc -o conftest  -pthread   conftest.c -lnsl -lncursesw -lpthread  >&5
conftest.c:96:6: warning: conflicting types for built-in function 'strspn' [enabled by default]
 char strspn ();
      ^
configure:8999: $? = 0
configure:8999: result: yes
configure:9010: checking for strstr
configure:9010: gcc -o conftest  -pthread   conftest.c -lnsl -lncursesw -lpthread  >&5
conftest.c:97:6: warning: conflicting types for built-in function 'strstr' [enabled by default]
 char strstr ();
      ^
configure:9010: $? = 0
configure:9010: result: yes
configure:9021: checking for strtol
configure:9021: gcc -o conftest  -pthread   conftest.c -lnsl -lncursesw -lpthread  >&5
configure:9021: $? = 0
configure:9021: result: yes
configure:9032: checking for strtoull
configure:9032: gcc -o conftest  -pthread   conftest.c -lnsl -lncursesw -lpthread  >&5
configure:9032: $? = 0
configure:9032: result: yes
configure:9198: creating ./config.status

## ---------------------- ##
## Running config.status. ##
## ---------------------- ##

This file was extended by goaccess config.status 1.3, which was
generated by GNU Autoconf 2.69.  Invocation command line was

  CONFIG_FILES    = 
  CONFIG_HEADERS  = 
  CONFIG_LINKS    = 
  CONFIG_COMMANDS = 
  $ ./config.status 

on yprite

config.status:954: creating Makefile
config.status:954: creating po/Makefile.in
config.status:954: creating src/config.h
config.status:1183: executing depfiles commands
config.status:1183: executing po-directories commands

## ---------------- ##
## Cache variables. ##
## ---------------- ##

ac_cv_build=x86_64-unknown-linux-gnu
ac_cv_c_compiler_gnu=yes
ac_cv_c_const=yes
ac_cv_c_int64_t=yes
ac_cv_c_int8_t=yes
ac_cv_c_uint32_t=yes
ac_cv_c_uint64_t=yes
ac_cv_c_uint8_t=yes
ac_cv_env_CC_set=
ac_cv_env_CC_value=
ac_cv_env_CFLAGS_set=
ac_cv_env_CFLAGS_value=
ac_cv_env_CPPFLAGS_set=
ac_cv_env_CPPFLAGS_value=
ac_cv_env_CPP_set=
ac_cv_env_CPP_value=
ac_cv_env_LDFLAGS_set=
ac_cv_env_LDFLAGS_value=
ac_cv_env_LIBS_set=
ac_cv_env_LIBS_value=
ac_cv_env_build_alias_set=
ac_cv_env_build_alias_value=
ac_cv_env_host_alias_set=
ac_cv_env_host_alias_value=
ac_cv_env_target_alias_set=
ac_cv_env_target_alias_value=
ac_cv_func_alarm=yes
ac_cv_func_floor=no
ac_cv_func_gethostbyaddr=yes
ac_cv_func_gethostbyname=yes
ac_cv_func_gettimeofday=yes
ac_cv_func_lstat_dereferences_slashed_symlink=yes
ac_cv_func_malloc=yes
ac_cv_func_memcmp_working=yes
ac_cv_func_memmove=yes
ac_cv_func_memset=yes
ac_cv_func_mkfifo=yes
ac_cv_func_realloc=yes
ac_cv_func_realpath=yes
ac_cv_func_regcomp=yes
ac_cv_func_select=yes
ac_cv_func_setlocale=yes
ac_cv_func_socket=yes
ac_cv_func_stat_empty_string_bug=no
ac_cv_func_strcasecmp=yes
ac_cv_func_strchr=yes
ac_cv_func_strcspn=yes
ac_cv_func_strdup=yes
ac_cv_func_strerror=yes
ac_cv_func_strftime=yes
ac_cv_func_strncasecmp=yes
ac_cv_func_strpbrk=yes
ac_cv_func_strrchr=yes
ac_cv_func_strspn=yes
ac_cv_func_strstr=yes
ac_cv_func_strtod=yes
ac_cv_func_strtol=yes
ac_cv_func_strtoull=yes
ac_cv_func_working_mktime=yes
ac_cv_header_arpa_inet_h=yes
ac_cv_header_fcntl_h=yes
ac_cv_header_inttypes_h=yes
ac_cv_header_limits_h=yes
ac_cv_header_locale_h=yes
ac_cv_header_memory_h=yes
ac_cv_header_ncurses_h=no
ac_cv_header_ncursesw_ncurses_h=yes
ac_cv_header_netdb_h=yes
ac_cv_header_netinet_in_h=yes
ac_cv_header_stdc=yes
ac_cv_header_stddef_h=yes
ac_cv_header_stdint_h=yes
ac_cv_header_stdlib_h=yes
ac_cv_header_string_h=yes
ac_cv_header_strings_h=yes
ac_cv_header_sys_socket_h=yes
ac_cv_header_sys_stat_h=yes
ac_cv_header_sys_time_h=yes
ac_cv_header_sys_types_h=yes
ac_cv_header_time=yes
ac_cv_header_unistd_h=yes
ac_cv_host=x86_64-unknown-linux-gnu
ac_cv_lib_intl_libintl_dgettext=no
ac_cv_lib_ncursesw___mvaddwstr=yes
ac_cv_lib_nsl_gethostbyname=yes
ac_cv_lib_pthread_pthread_create=yes
ac_cv_lib_socket_socket=no
ac_cv_objext=o
ac_cv_path_EGREP='/bin/grep -E'
ac_cv_path_GMSGFMT=/usr/bin/msgfmt
ac_cv_path_GREP=/bin/grep
ac_cv_path_MSGFMT=/usr/bin/msgfmt
ac_cv_path_MSGMERGE=/usr/bin/msgmerge
ac_cv_path_XGETTEXT=/usr/bin/xgettext
ac_cv_path_install='/usr/bin/install -c'
ac_cv_path_mkdir=/bin/mkdir
ac_cv_prog_AWK=gawk
ac_cv_prog_CPP='gcc -E'
ac_cv_prog_SED_CHECK=yes
ac_cv_prog_TR_CHECK=yes
ac_cv_prog_ac_ct_CC=gcc
ac_cv_prog_cc_c89=
ac_cv_prog_cc_g=yes
ac_cv_prog_cc_gcc_c_o=yes
ac_cv_prog_make_make_set=yes
ac_cv_search_tputs='none required'
ac_cv_struct_tm=time.h
ac_cv_sys_largefile_source=no
ac_cv_type_off_t=yes
ac_cv_type_ptrdiff_t=yes
ac_cv_type_size_t=yes
acl_cv_hardcode_direct=no
acl_cv_hardcode_libdir_flag_spec='${wl}-rpath ${wl}$libdir'
acl_cv_hardcode_libdir_separator=
acl_cv_hardcode_minus_L=no
acl_cv_libext=a
acl_cv_libname_spec='lib$name'
acl_cv_library_names_spec='$libname$shrext'
acl_cv_path_LD=/usr/bin/ld
acl_cv_prog_gnu_ld=yes
acl_cv_rpath=done
acl_cv_shlibext=so
acl_cv_wl=-Wl,
am_cv_CC_dependencies_compiler_type=gcc3
gt_cv_func_CFLocaleCopyCurrent=no
gt_cv_func_CFPreferencesCopyAppValue=no
gt_cv_func_gnugettext1_libc=yes

## ----------------- ##
## Output variables. ##
## ----------------- ##

ACLOCAL='${SHELL} /home/yprite/playground_staging/goaccess/goaccess-1.3/missing --run aclocal-1.11'
AMDEPBACKSLASH='\'
AMDEP_FALSE='#'
AMDEP_TRUE=''
AMTAR='$${TAR-tar}'
AUTOCONF='${SHELL} /home/yprite/playground_staging/goaccess/goaccess-1.3/missing --run autoconf'
AUTOHEADER='${SHELL} /home/yprite/playground_staging/goaccess/goaccess-1.3/missing --run autoheader'
AUTOMAKE='${SHELL} /home/yprite/playground_staging/goaccess/goaccess-1.3/missing --run automake-1.11'
AWK='gawk'
CC='gcc'
CCDEPMODE='depmode=gcc3'
CFLAGS=' -pthread'
CPP='gcc -E'
CPPFLAGS=''
CYGPATH_W='echo'
DEBUG_FALSE=''
DEBUG_TRUE='#'
DEFS='-DHAVE_CONFIG_H'
DEPDIR='.deps'
ECHO_C=''
ECHO_N='-n'
ECHO_T=''
EGREP='/bin/grep -E'
EXEEXT=''
GEOIP_LEGACY_FALSE=''
GEOIP_LEGACY_TRUE='#'
GEOIP_MMDB_FALSE=''
GEOIP_MMDB_TRUE='#'
GETTEXT_MACRO_VERSION='0.18'
GMSGFMT='/usr/bin/msgfmt'
GMSGFMT_015='/usr/bin/msgfmt'
GREP='/bin/grep'
HAS_SEDTR_FALSE='#'
HAS_SEDTR_TRUE=''
INSTALL_DATA='${INSTALL} -m 644'
INSTALL_PROGRAM='${INSTALL}'
INSTALL_SCRIPT='${INSTALL}'
INSTALL_STRIP_PROGRAM='$(install_sh) -c -s'
INTLLIBS=''
INTL_MACOSX_LIBS=''
LDFLAGS=''
LIBICONV='-liconv'
LIBINTL=''
LIBOBJS=''
LIBS='-lnsl -lncursesw -lpthread '
LTLIBICONV='-liconv'
LTLIBINTL=''
LTLIBOBJS=''
MAKEINFO='${SHELL} /home/yprite/playground_staging/goaccess/goaccess-1.3/missing --run makeinfo'
MKDIR_P='/bin/mkdir -p'
MSGFMT='/usr/bin/msgfmt'
MSGFMT_015='/usr/bin/msgfmt'
MSGMERGE='/usr/bin/msgmerge'
OBJEXT='o'
PACKAGE='goaccess'
PACKAGE_BUGREPORT='goaccess@prosoftcorp.com'
PACKAGE_NAME='goaccess'
PACKAGE_STRING='goaccess 1.3'
PACKAGE_TARNAME='goaccess'
PACKAGE_URL='http://goaccess.io'
PACKAGE_VERSION='1.3'
PATH_SEPARATOR=':'
POSUB='po'
POW_LIB=''
SED_CHECK='yes'
SET_MAKE=''
SHELL='/bin/bash'
STRIP=''
TCB_FALSE=''
TCB_TRUE='#'
TR_CHECK='yes'
USE_NLS='yes'
VERSION='1.3'
WITH_RDYNAMIC_FALSE='#'
WITH_RDYNAMIC_TRUE=''
XGETTEXT='/usr/bin/xgettext'
XGETTEXT_015='/usr/bin/xgettext'
XGETTEXT_EXTRA_OPTIONS=''
ac_ct_CC='gcc'
am__EXEEXT_FALSE=''
am__EXEEXT_TRUE='#'
am__fastdepCC_FALSE='#'
am__fastdepCC_TRUE=''
am__include='include'
am__isrc=''
am__leading_dot='.'
am__nodep='_no'
am__quote=''
am__tar='$${TAR-tar} chof - "$$tardir"'
am__untar='$${TAR-tar} xf -'
bindir='${exec_prefix}/bin'
build='x86_64-unknown-linux-gnu'
build_alias=''
build_cpu='x86_64'
build_os='linux-gnu'
build_vendor='unknown'
datadir='${datarootdir}'
datarootdir='${prefix}/share'
docdir='${datarootdir}/doc/${PACKAGE_TARNAME}'
dvidir='${docdir}'
exec_prefix='${prefix}'
host='x86_64-unknown-linux-gnu'
host_alias=''
host_cpu='x86_64'
host_os='linux-gnu'
host_vendor='unknown'
htmldir='${docdir}'
includedir='${prefix}/include'
infodir='${datarootdir}/info'
install_sh='${SHELL} /home/yprite/playground_staging/goaccess/goaccess-1.3/install-sh'
libdir='${exec_prefix}/lib'
libexecdir='${exec_prefix}/libexec'
localedir='${datarootdir}/locale'
localstatedir='${prefix}/var'
mandir='${datarootdir}/man'
mkdir_p='/bin/mkdir -p'
oldincludedir='/usr/include'
pdfdir='${docdir}'
prefix='/usr/local'
program_transform_name='s,x,x,'
psdir='${docdir}'
sbindir='${exec_prefix}/sbin'
sharedstatedir='${prefix}/com'
sysconfdir='${prefix}/etc'
target_alias=''

## ----------- ##
## confdefs.h. ##
## ----------- ##

/* confdefs.h */
#define PACKAGE_NAME "goaccess"
#define PACKAGE_TARNAME "goaccess"
#define PACKAGE_VERSION "1.3"
#define PACKAGE_STRING "goaccess 1.3"
#define PACKAGE_BUGREPORT "goaccess@prosoftcorp.com"
#define PACKAGE_URL "http://goaccess.io"
#define PACKAGE "goaccess"
#define VERSION "1.3"
#define ENABLE_NLS 1
#define HAVE_GETTEXT 1
#define HAVE_DCGETTEXT 1
#define HAVE_LIBPTHREAD 1
#define HAVE_LIBNCURSESW 1
#define HAVE_LIBNCURSESW 1
#define HAVE_NCURSESW_NCURSES_H 1
#define HAVE_LIBNSL 1
#define STDC_HEADERS 1
#define HAVE_SYS_TYPES_H 1
#define HAVE_SYS_STAT_H 1
#define HAVE_STDLIB_H 1
#define HAVE_STRING_H 1
#define HAVE_MEMORY_H 1
#define HAVE_STRINGS_H 1
#define HAVE_INTTYPES_H 1
#define HAVE_STDINT_H 1
#define HAVE_UNISTD_H 1
#define HAVE_ARPA_INET_H 1
#define HAVE_FCNTL_H 1
#define HAVE_INTTYPES_H 1
#define HAVE_LIMITS_H 1
#define HAVE_LOCALE_H 1
#define HAVE_NETDB_H 1
#define HAVE_NETINET_IN_H 1
#define HAVE_STDDEF_H 1
#define HAVE_STDINT_H 1
#define HAVE_STDLIB_H 1
#define HAVE_STRING_H 1
#define HAVE_STRINGS_H 1
#define HAVE_SYS_SOCKET_H 1
#define HAVE_SYS_TIME_H 1
#define HAVE_UNISTD_H 1
#define HAVE_PTRDIFF_T 1
#define HAVE_FSEEKO 1
#define TIME_WITH_SYS_TIME 1
#define HAVE_SYS_TIME_H 1
#define HAVE_UNISTD_H 1
#define HAVE_ALARM 1
#define LSTAT_FOLLOWS_SLASHED_SYMLINK 1
#define HAVE_STRFTIME 1
#define HAVE_GETHOSTBYADDR 1
#define HAVE_GETHOSTBYNAME 1
#define HAVE_GETTIMEOFDAY 1
#define HAVE_MALLOC 1
#define HAVE_MEMMOVE 1
#define HAVE_MEMSET 1
#define HAVE_MKFIFO 1
#define HAVE_REALLOC 1
#define HAVE_REALPATH 1
#define HAVE_REGCOMP 1
#define HAVE_SELECT 1
#define HAVE_SETLOCALE 1
#define HAVE_SOCKET 1
#define HAVE_STRCASECMP 1
#define HAVE_STRCHR 1
#define HAVE_STRCSPN 1
#define HAVE_STRDUP 1
#define HAVE_STRERROR 1
#define HAVE_STRNCASECMP 1
#define HAVE_STRPBRK 1
#define HAVE_STRRCHR 1
#define HAVE_STRSPN 1
#define HAVE_STRSTR 1
#define HAVE_STRTOL 1
#define HAVE_STRTOULL 1

configure: exit 0
